Arguments: 
  /usr/local/bin/node /home/wktdev/.yarn/bin/yarn.js install

PATH: 
  /home/wktdev/.cargo/bin:/home/wktdev/bin:/home/wktdev/.yarn/bin:/home/wktdev/.config/yarn/global/node_modules/.bin:/home/wktdev/.cargo/bin:/home/wktdev/bin:/usr/local/sbin:/usr/local/bin:/usr/sbin:/usr/bin:/sbin:/bin:/usr/games:/usr/local/games:/snap/bin:/usr/share/rvm/bin

Yarn version: 
  1.17.3

Node version: 
  12.16.1

Platform: 
  linux x64

Trace: 
  Error: EACCES: permission denied, unlink '/home/wktdev/Desktop/workflow_magic_guest_app/node_modules/@babel/code-frame/LICENSE'

npm manifest: 
  {
    "name": "app",
    "version": "0.1.0",
    "private": true,
    "dependencies": {
      "@date-io/moment": "^1.3.11",
      "@material-ui/core": "^4.3.3",
      "@material-ui/icons": "^3.0.2",
      "@material-ui/pickers": "^3.2.6",
      "dexie": "^3.0.0",
      "dexie-observable": "^1.0.0-beta.5",
      "firebase": "^5.8.2",
      "html-react-parser": "^0.9.1",
      "html2canvas": "^1.0.0-rc.5",
      "material-ui-pickers": "^2.2.4",
      "moment": "^2.24.0",
      "moment-timezone": "^0.5.27",
      "moment-weekdaysin": "^1.0.1",
      "react": "^16.8.0",
      "react-big-calendar": "^0.20.3",
      "react-dom": "^16.8.0",
      "react-quill": "^1.3.3",
      "react-router": "^4.3.1",
      "react-router-dom": "^4.3.1",
      "react-scripts": "^2.1.5",
      "react-timezone-select": "^0.5.1",
      "request-ip": "^2.1.3",
      "select-timezone-material-ui": "^2.1.0"
    },
    "scripts": {
      "start": "react-scripts start",
      "build": "react-scripts build",
      "test": "react-scripts test",
      "eject": "react-scripts eject"
    },
    "eslintConfig": {
      "extends": "react-app"
    },
    "browserslist": [
      ">0.2%",
      "not dead",
      "not ie <= 11",
      "not op_mini all"
    ]
  }

yarn manifest: 
  No manifest

Lockfile: 
  No lockfile
